#
# There is insufficient memory for the Java Runtime Environment to continue.
# Native memory allocation (malloc) failed to allocate 278896 bytes for Chunk::new
# Possible reasons:
#   The system is out of physical RAM or swap space
#   In 32 bit mode, the process size limit was hit
# Possible solutions:
#   Reduce memory load on the system
#   Increase physical memory or swap space
#   Check if swap backing store is full
#   Use 64 bit Java on a 64 bit OS
#   Decrease Java heap size (-Xmx/-Xms)
#   Decrease number of Java threads
#   Decrease Java thread stack sizes (-Xss)
#   Set larger code cache with -XX:ReservedCodeCacheSize=
# This output file may be truncated or incomplete.
#
#  Out of Memory Error (allocation.cpp:390), pid=2172, tid=3744
#
# JRE version: Java(TM) SE Runtime Environment (8.0_20-b26) (build 1.8.0_20-b26)
# Java VM: Java HotSpot(TM) 64-Bit Server VM (25.20-b23 mixed mode windows-amd64 compressed oops)
# Failed to write core dump. Minidumps are not enabled by default on client versions of Windows
#

---------------  T H R E A D  ---------------

Current thread (0x0000000056321800):  JavaThread "C2 CompilerThread0" daemon [_thread_in_native, id=3744, stack(0x0000000056730000,0x0000000056830000)]

Stack: [0x0000000056730000,0x0000000056830000]
Native frames: (J=compiled Java code, j=interpreted, Vv=VM code, C=native code)
V  [jvm.dll+0x3152fa]


Current CompileTask:
C2:7573979 19629       4       org.gradle.api.internal.file.CompositeFileCollection::getFiles (55 bytes)


---------------  P R O C E S S  ---------------

Java Threads: ( => current thread )
  0x0000000059cd4000 JavaThread "Daemon worker Thread 8" [_thread_in_Java, id=4456, stack(0x0000000059150000,0x0000000059250000)]
  0x0000000059cd0000 JavaThread "Cancel handler" [_thread_blocked, id=4328, stack(0x000000005d7f0000,0x000000005d8f0000)]
  0x0000000059cd1000 JavaThread "Handler for socket connection from /127.0.0.1:1164 to /127.0.0.1:9012" [_thread_in_native, id=4020, stack(0x0000000059030000,0x0000000059130000)]
  0x0000000059cd6800 JavaThread "Daemon Thread 8" [_thread_blocked, id=3244, stack(0x0000000058ec0000,0x0000000058fc0000)]
  0x0000000057ff4000 JavaThread "File lock request listener" [_thread_in_native, id=2272, stack(0x000000005ad30000,0x000000005ae30000)]
  0x00000000578e3800 JavaThread "Incoming local TCP Connector on port 1164" [_thread_in_native, id=3768, stack(0x0000000058b80000,0x0000000058c80000)]
  0x000000005632b800 JavaThread "Service Thread" daemon [_thread_blocked, id=2408, stack(0x0000000056eb0000,0x0000000056fb0000)]
  0x0000000056328800 JavaThread "C1 CompilerThread2" daemon [_thread_in_vm, id=3964, stack(0x0000000056d80000,0x0000000056e80000)]
  0x0000000056326800 JavaThread "C2 CompilerThread1" daemon [_thread_blocked, id=3720, stack(0x0000000056bf0000,0x0000000056cf0000)]
=>0x0000000056321800 JavaThread "C2 CompilerThread0" daemon [_thread_in_native, id=3744, stack(0x0000000056730000,0x0000000056830000)]
  0x0000000056320800 JavaThread "Attach Listener" daemon [_thread_blocked, id=1772, stack(0x0000000056a60000,0x0000000056b60000)]
  0x0000000054fe5000 JavaThread "Signal Dispatcher" daemon [_thread_blocked, id=3760, stack(0x0000000056830000,0x0000000056930000)]
  0x0000000054f8a800 JavaThread "Finalizer" daemon [_thread_blocked, id=3416, stack(0x0000000055f80000,0x0000000056080000)]
  0x0000000054f81800 JavaThread "Reference Handler" daemon [_thread_blocked, id=3484, stack(0x0000000056220000,0x0000000056320000)]
  0x00000000002bf000 JavaThread "main" [_thread_blocked, id=2412, stack(0x0000000002350000,0x0000000002450000)]

Other Threads:
  0x0000000054f78800 VMThread [stack: 0x0000000056080000,0x0000000056180000] [id=3700]
  0x00000000563ab000 WatcherThread [stack: 0x00000000570c0000,0x00000000571c0000] [id=2280]

VM state:not at safepoint (normal execution)

VM Mutex/Monitor currently owned by a thread: None

Heap:
 PSYoungGen      total 277504K, used 158802K [0x00000000eab00000, 0x00000000ffc00000, 0x0000000100000000)
  eden space 208896K, 63% used [0x00000000eab00000,0x00000000f2cf7640,0x00000000f7700000)
  from space 68608K, 37% used [0x00000000f7700000,0x00000000f901d4b0,0x00000000fba00000)
  to   space 66048K, 0% used [0x00000000fbb80000,0x00000000fbb80000,0x00000000ffc00000)
 ParOldGen       total 230912K, used 119356K [0x00000000c0000000, 0x00000000ce180000, 0x00000000eab00000)
  object space 230912K, 51% used [0x00000000c0000000,0x00000000c748f390,0x00000000ce180000)
 Metaspace       used 98875K, capacity 103154K, committed 132776K, reserved 1161216K
  class space    used 12700K, capacity 14085K, committed 20648K, reserved 1048576K

Card table byte_map: [0x0000000011ae0000,0x0000000011cf0000] byte_map_base: 0x00000000114e0000

Marking Bits: (ParMarkBitMap*) 0x0000000069c3b460
 Begin Bits: [0x00000000123f0000, 0x00000000133f0000)
 End Bits:   [0x00000000133f0000, 0x00000000143f0000)

Polling page: 0x0000000000230000

CodeCache: size=245760Kb used=53212Kb max_used=55570Kb free=192547Kb
 bounds [0x0000000002720000, 0x0000000005df0000, 0x0000000011720000]
 total_blobs=14294 nmethods=13543 adapters=661
 compilation: enabled

Compilation events (10 events):
Event: 7522.972 Thread 0x0000000056328800 nmethod 19622 0x000000000364a350 code [0x000000000364a4c0, 0x000000000364a648]
Event: 7531.008 Thread 0x0000000056328800 19623       3       com.android.builder.dependency.LibraryBundle::getJarsRootFolder (14 bytes)
Event: 7531.523 Thread 0x0000000056328800 nmethod 19623 0x00000000036b1690 code [0x00000000036b1800, 0x00000000036b19e8]
Event: 7533.745 Thread 0x0000000056328800 19624       3       com.android.build.gradle.internal.profile.RecordingBuildListener$TaskRecord::getMetaClass (23 bytes)
Event: 7533.745 Thread 0x0000000056328800 nmethod 19624 0x0000000002aabb50 code [0x0000000002aabcc0, 0x0000000002aabf28]
Event: 7543.343 Thread 0x0000000056326800 19627       4       org.gradle.api.internal.project.AbstractProject::getBuildDir (9 bytes)
Event: 7545.838 Thread 0x0000000056326800 nmethod 19627 0x00000000042ac050 code [0x00000000042ac1a0, 0x00000000042ac228]
Event: 7556.630 Thread 0x0000000056321800 19628   !   4       java_lang_CharSequence$length$0::call (34 bytes)
Event: 7559.948 Thread 0x0000000056321800 nmethod 19628 0x0000000004505010 code [0x00000000045051a0, 0x0000000004505508]
Event: 7563.287 Thread 0x0000000056321800 19629       4       org.gradle.api.internal.file.CompositeFileCollection::getFiles (55 bytes)

GC Heap History (10 events):
Event: 3416.644 GC heap before
{Heap before GC invocations=52 (full 10):
 PSYoungGen      total 258048K, used 210944K [0x00000000eab00000, 0x0000000100000000, 0x0000000100000000)
  eden space 210944K, 100% used [0x00000000eab00000,0x00000000f7900000,0x00000000f7900000)
  from space 47104K, 0% used [0x00000000f7900000,0x00000000f7900000,0x00000000fa700000)
  to   space 71680K, 0% used [0x00000000fba00000,0x00000000fba00000,0x0000000100000000)
 ParOldGen       total 230912K, used 142690K [0x00000000c0000000, 0x00000000ce180000, 0x00000000eab00000)
  object space 230912K, 61% used [0x00000000c0000000,0x00000000c8b58820,0x00000000ce180000)
 Metaspace       used 131573K, capacity 137868K, committed 140968K, reserved 1169408K
  class space    used 17398K, capacity 19535K, committed 20392K, reserved 1048576K
Event: 3416.808 GC heap after
Heap after GC invocations=52 (full 10):
 PSYoungGen      total 280576K, used 25664K [0x00000000eab00000, 0x0000000100000000, 0x0000000100000000)
  eden space 208896K, 0% used [0x00000000eab00000,0x00000000eab00000,0x00000000f7700000)
  from space 71680K, 35% used [0x00000000fba00000,0x00000000fd3102d8,0x0000000100000000)
  to   space 68608K, 0% used [0x00000000f7700000,0x00000000f7700000,0x00000000fba00000)
 ParOldGen       total 230912K, used 142698K [0x00000000c0000000, 0x00000000ce180000, 0x00000000eab00000)
  object space 230912K, 61% used [0x00000000c0000000,0x00000000c8b5a820,0x00000000ce180000)
 Metaspace       used 131573K, capacity 137868K, committed 140968K, reserved 1169408K
  class space    used 17398K, capacity 19535K, committed 20392K, reserved 1048576K
}
Event: 3494.865 GC heap before
{Heap before GC invocations=53 (full 10):
 PSYoungGen      total 280576K, used 234560K [0x00000000eab00000, 0x0000000100000000, 0x0000000100000000)
  eden space 208896K, 100% used [0x00000000eab00000,0x00000000f7700000,0x00000000f7700000)
  from space 71680K, 35% used [0x00000000fba00000,0x00000000fd3102d8,0x0000000100000000)
  to   space 68608K, 0% used [0x00000000f7700000,0x00000000f7700000,0x00000000fba00000)
 ParOldGen       total 230912K, used 142698K [0x00000000c0000000, 0x00000000ce180000, 0x00000000eab00000)
  object space 230912K, 61% used [0x00000000c0000000,0x00000000c8b5a820,0x00000000ce180000)
 Metaspace       used 132865K, capacity 139554K, committed 142120K, reserved 1171456K
  class space    used 17602K, capacity 19853K, committed 20520K, reserved 1048576K
Event: 3495.652 GC heap after
Heap after GC invocations=53 (full 10):
 PSYoungGen      total 277504K, used 46388K [0x00000000eab00000, 0x0000000100000000, 0x0000000100000000)
  eden space 208896K, 0% used [0x00000000eab00000,0x00000000eab00000,0x00000000f7700000)
  from space 68608K, 67% used [0x00000000f7700000,0x00000000fa44d1d0,0x00000000fba00000)
  to   space 70656K, 0% used [0x00000000fbb00000,0x00000000fbb00000,0x0000000100000000)
 ParOldGen       total 230912K, used 142706K [0x00000000c0000000, 0x00000000ce180000, 0x00000000eab00000)
  object space 230912K, 61% used [0x00000000c0000000,0x00000000c8b5c820,0x00000000ce180000)
 Metaspace       used 132865K, capacity 139554K, committed 142120K, reserved 1171456K
  class space    used 17602K, capacity 19853K, committed 20520K, reserved 1048576K
}
Event: 3589.759 GC heap before
{Heap before GC invocations=54 (full 10):
 PSYoungGen      total 277504K, used 154406K [0x00000000eab00000, 0x0000000100000000, 0x0000000100000000)
  eden space 208896K, 51% used [0x00000000eab00000,0x00000000f147c6c8,0x00000000f7700000)
  from space 68608K, 67% used [0x00000000f7700000,0x00000000fa44d1d0,0x00000000fba00000)
  to   space 70656K, 0% used [0x00000000fbb00000,0x00000000fbb00000,0x0000000100000000)
 ParOldGen       total 230912K, used 142706K [0x00000000c0000000, 0x00000000ce180000, 0x00000000eab00000)
  object space 230912K, 61% used [0x00000000c0000000,0x00000000c8b5c820,0x00000000ce180000)
 Metaspace       used 133790K, capacity 140554K, committed 143016K, reserved 1171456K
  class space    used 17744K, capacity 19997K, committed 20648K, reserved 1048576K
Event: 3590.370 GC heap after
Heap after GC invocations=54 (full 10):
 PSYoungGen      total 276480K, used 22106K [0x00000000eab00000, 0x00000000ffd00000, 0x0000000100000000)
  eden space 208896K, 0% used [0x00000000eab00000,0x00000000eab00000,0x00000000f7700000)
  from space 67584K, 32% used [0x00000000fbb00000,0x00000000fd096ab0,0x00000000ffd00000)
  to   space 68608K, 0% used [0x00000000f7700000,0x00000000f7700000,0x00000000fba00000)
 ParOldGen       total 230912K, used 142714K [0x00000000c0000000, 0x00000000ce180000, 0x00000000eab00000)
  object space 230912K, 61% used [0x00000000c0000000,0x00000000c8b5e820,0x00000000ce180000)
 Metaspace       used 133790K, capacity 140554K, committed 143016K, reserved 1171456K
  class space    used 17744K, capacity 19997K, committed 20648K, reserved 1048576K
}
Event: 3590.370 GC heap before
{Heap before GC invocations=55 (full 11):
 PSYoungGen      total 276480K, used 22106K [0x00000000eab00000, 0x00000000ffd00000, 0x0000000100000000)
  eden space 208896K, 0% used [0x00000000eab00000,0x00000000eab00000,0x00000000f7700000)
  from space 67584K, 32% used [0x00000000fbb00000,0x00000000fd096ab0,0x00000000ffd00000)
  to   space 68608K, 0% used [0x00000000f7700000,0x00000000f7700000,0x00000000fba00000)
 ParOldGen       total 230912K, used 142714K [0x00000000c0000000, 0x00000000ce180000, 0x00000000eab00000)
  object space 230912K, 61% used [0x00000000c0000000,0x00000000c8b5e820,0x00000000ce180000)
 Metaspace       used 133790K, capacity 140554K, committed 143016K, reserved 1171456K
  class space    used 17744K, capacity 19997K, committed 20648K, reserved 1048576K
Event: 3683.184 GC heap after
Heap after GC invocations=55 (full 11):
 PSYoungGen      total 276480K, used 0K [0x00000000eab00000, 0x00000000ffd00000, 0x0000000100000000)
  eden space 208896K, 0% used [0x00000000eab00000,0x00000000eab00000,0x00000000f7700000)
  from space 67584K, 0% used [0x00000000fbb00000,0x00000000fbb00000,0x00000000ffd00000)
  to   space 68608K, 0% used [0x00000000f7700000,0x00000000f7700000,0x00000000fba00000)
 ParOldGen       total 230912K, used 119348K [0x00000000c0000000, 0x00000000ce180000, 0x00000000eab00000)
  object space 230912K, 51% used [0x00000000c0000000,0x00000000c748d390,0x00000000ce180000)
 Metaspace       used 90300K, capacity 93712K, committed 132776K, reserved 1161216K
  class space    used 11425K, capacity 12444K, committed 20648K, reserved 1048576K
}
Event: 4292.476 GC heap before
{Heap before GC invocations=56 (full 11):
 PSYoungGen      total 276480K, used 208896K [0x00000000eab00000, 0x00000000ffd00000, 0x0000000100000000)
  eden space 208896K, 100% used [0x00000000eab00000,0x00000000f7700000,0x00000000f7700000)
  from space 67584K, 0% used [0x00000000fbb00000,0x00000000fbb00000,0x00000000ffd00000)
  to   space 68608K, 0% used [0x00000000f7700000,0x00000000f7700000,0x00000000fba00000)
 ParOldGen       total 230912K, used 119348K [0x00000000c0000000, 0x00000000ce180000, 0x00000000eab00000)
  object space 230912K, 51% used [0x00000000c0000000,0x00000000c748d390,0x00000000ce180000)
 Metaspace       used 97404K, capacity 101422K, committed 132776K, reserved 1161216K
  class space    used 12452K, capacity 13722K, committed 20648K, reserved 1048576K
Event: 4594.705 GC heap after
Heap after GC invocations=56 (full 11):
 PSYoungGen      total 277504K, used 25717K [0x00000000eab00000, 0x00000000ffc00000, 0x0000000100000000)
  eden space 208896K, 0% used [0x00000000eab00000,0x00000000eab00000,0x00000000f7700000)
  from space 68608K, 37% used [0x00000000f7700000,0x00000000f901d4b0,0x00000000fba00000)
  to   space 66048K, 0% used [0x00000000fbb80000,0x00000000fbb80000,0x00000000ffc00000)
 ParOldGen       total 230912K, used 119356K [0x00000000c0000000, 0x00000000ce180000, 0x00000000eab00000)
  object space 230912K, 51% used [0x00000000c0000000,0x00000000c748f390,0x00000000ce180000)
 Metaspace       used 97404K, capacity 101422K, committed 132776K, reserved 1161216K
  class space    used 12452K, capacity 13722K, committed 20648K, reserved 1048576K
}

Deoptimization events (10 events):
Event: 4230.450 Thread 0x0000000059cd4000 Uncommon trap: reason=array_check action=maybe_recompile pc=0x0000000005170a18 method=java.util.ComparableTimSort.mergeHi(IIII)V @ 415
Event: 4230.450 Thread 0x0000000059cd4000 Uncommon trap: reason=array_check action=maybe_recompile pc=0x0000000005170b70 method=java.util.ComparableTimSort.mergeHi(IIII)V @ 654
Event: 4237.055 Thread 0x0000000059cd4000 Uncommon trap: reason=array_check action=maybe_recompile pc=0x00000000035161c0 method=java.util.TimSort.mergeHi(IIII)V @ 101
Event: 4237.055 Thread 0x0000000059cd4000 Uncommon trap: reason=array_check action=maybe_recompile pc=0x00000000035161c0 method=java.util.TimSort.mergeHi(IIII)V @ 101
Event: 4237.056 Thread 0x0000000059cd4000 Uncommon trap: reason=array_check action=maybe_recompile pc=0x00000000035161c0 method=java.util.TimSort.mergeHi(IIII)V @ 101
Event: 4237.056 Thread 0x0000000059cd4000 Uncommon trap: reason=array_check action=maybe_recompile pc=0x00000000035161c0 method=java.util.TimSort.mergeHi(IIII)V @ 101
Event: 4237.760 Thread 0x0000000059cd4000 Uncommon trap: reason=array_check action=maybe_recompile pc=0x0000000005170a18 method=java.util.ComparableTimSort.mergeHi(IIII)V @ 415
Event: 4250.187 Thread 0x0000000059cd4000 Uncommon trap: reason=array_check action=maybe_recompile pc=0x0000000002959f88 method=java.util.ComparableTimSort.mergeHi(IIII)V @ 521
Event: 4282.039 Thread 0x0000000059cd4000 Uncommon trap: reason=array_check action=maybe_recompile pc=0x0000000002959f88 method=java.util.ComparableTimSort.mergeHi(IIII)V @ 521
Event: 5142.457 Thread 0x0000000059cd4000 Uncommon trap: reason=predicate action=maybe_recompile pc=0x000000000509f18c method=java.util.TimSort.mergeHi(IIII)V @ 191

Internal exceptions (10 events):
Event: 7467.801 Thread 0x0000000059cd4000 Exception <a 'java/security/PrivilegedActionException'> (0x00000000f26fc2f0) thrown at [D:\re\workspace\8-2-build-windows-amd64-cygwin\jdk8u20\1074\hotspot\src\share\vm\prims\jvm.cpp, line 1275]
Event: 7467.802 Thread 0x0000000059cd4000 Exception <a 'java/security/PrivilegedActionException'> (0x00000000f26fd4f0) thrown at [D:\re\workspace\8-2-build-windows-amd64-cygwin\jdk8u20\1074\hotspot\src\share\vm\prims\jvm.cpp, line 1275]
Event: 7467.802 Thread 0x0000000059cd4000 Exception <a 'java/security/PrivilegedActionException'> (0x00000000f26fe5b8) thrown at [D:\re\workspace\8-2-build-windows-amd64-cygwin\jdk8u20\1074\hotspot\src\share\vm\prims\jvm.cpp, line 1275]
Event: 7467.802 Thread 0x0000000059cd4000 Exception <a 'java/security/PrivilegedActionException'> (0x00000000f2703938) thrown at [D:\re\workspace\8-2-build-windows-amd64-cygwin\jdk8u20\1074\hotspot\src\share\vm\prims\jvm.cpp, line 1275]
Event: 7468.056 Thread 0x0000000059cd4000 Exception <a 'java/lang/ClassNotFoundException': com/google/common/collect/IterablesBeanInfo> (0x00000000f2704020) thrown at [D:\re\workspace\8-2-build-windows-amd64-cygwin\jdk8u20\1074\hotspot\src\share\vm\classfile\systemDictionary.cpp, line 202]
Event: 7468.545 Thread 0x0000000059cd4000 Exception <a 'java/security/PrivilegedActionException'> (0x00000000f2708b38) thrown at [D:\re\workspace\8-2-build-windows-amd64-cygwin\jdk8u20\1074\hotspot\src\share\vm\prims\jvm.cpp, line 1275]
Event: 7468.704 Thread 0x0000000059cd4000 Exception <a 'java/security/PrivilegedActionException'> (0x00000000f2709d70) thrown at [D:\re\workspace\8-2-build-windows-amd64-cygwin\jdk8u20\1074\hotspot\src\share\vm\prims\jvm.cpp, line 1275]
Event: 7468.704 Thread 0x0000000059cd4000 Exception <a 'java/security/PrivilegedActionException'> (0x00000000f270ae50) thrown at [D:\re\workspace\8-2-build-windows-amd64-cygwin\jdk8u20\1074\hotspot\src\share\vm\prims\jvm.cpp, line 1275]
Event: 7468.704 Thread 0x0000000059cd4000 Exception <a 'java/security/PrivilegedActionException'> (0x00000000f2710360) thrown at [D:\re\workspace\8-2-build-windows-amd64-cygwin\jdk8u20\1074\hotspot\src\share\vm\prims\jvm.cpp, line 1275]
Event: 7468.704 Thread 0x0000000059cd4000 Exception <a 'java/lang/ClassNotFoundException': com/google/common/collect/IterablesCustomizer> (0x00000000f2710a50) thrown at [D:\re\workspace\8-2-build-windows-amd64-cygwin\jdk8u20\1074\hotspot\src\share\vm\classfile\systemDictionary.cpp, line 202]

Events (10 events):
Event: 7467.802 loading class com/google/common/collect/IterablesBeanInfo
Event: 7467.802 loading class com/google/common/collect/IterablesBeanInfo done
Event: 7468.703 loading class com/google/common/collect/IterablesCustomizer
Event: 7468.703 loading class com/google/common/collect/IterablesCustomizer done
Event: 7468.704 loading class com/google/common/collect/IterablesCustomizer
Event: 7468.704 loading class com/google/common/collect/IterablesCustomizer done
Event: 7492.091 Thread 0x0000000056321800 flushing nmethod 0x0000000002ec9190
Event: 7492.560 Thread 0x0000000056321800 flushing nmethod 0x0000000002eca290
Event: 7492.560 Thread 0x0000000056321800 flushing nmethod 0x0000000002eca750
Event: 7492.865 Thread 0x0000000056321800 flushing nmethod 0x0000000002ecb290


Dynamic libraries:
0x000000013f950000 - 0x000000013f984000 	C:\Program Files\Java\jdk1.8.0_20\bin\java.exe
0x0000000077800000 - 0x00000000779a9000 	C:\Windows\SYSTEM32\ntdll.dll
0x00000000775e0000 - 0x00000000776ff000 	C:\Windows\system32\kernel32.dll
0x000007fefd800000 - 0x000007fefd86b000 	C:\Windows\system32\KERNELBASE.dll
0x000007feff400000 - 0x000007feff4db000 	C:\Windows\system32\ADVAPI32.dll
0x000007fefe570000 - 0x000007fefe60f000 	C:\Windows\system32\msvcrt.dll
0x000007fefdcb0000 - 0x000007fefdccf000 	C:\Windows\SYSTEM32\sechost.dll
0x000007feff760000 - 0x000007feff88d000 	C:\Windows\system32\RPCRT4.dll
0x0000000077700000 - 0x00000000777fa000 	C:\Windows\system32\USER32.dll
0x000007fefe1d0000 - 0x000007fefe237000 	C:\Windows\system32\GDI32.dll
0x000007fefdca0000 - 0x000007fefdcae000 	C:\Windows\system32\LPK.dll
0x000007feff4e0000 - 0x000007feff5a9000 	C:\Windows\system32\USP10.dll
0x000007fefbc60000 - 0x000007fefbe54000 	C:\Windows\WinSxS\amd64_microsoft.windows.common-controls_6595b64144ccf1df_6.0.7601.17514_none_fa396087175ac9ac\COMCTL32.dll
0x000007feff890000 - 0x000007feff901000 	C:\Windows\system32\SHLWAPI.dll
0x000007feff730000 - 0x000007feff75e000 	C:\Windows\system32\IMM32.DLL
0x000007fefe410000 - 0x000007fefe519000 	C:\Windows\system32\MSCTF.dll
0x0000000063720000 - 0x00000000637f2000 	C:\Program Files\Java\jdk1.8.0_20\jre\bin\msvcr100.dll
0x0000000069460000 - 0x0000000069cb8000 	C:\Program Files\Java\jdk1.8.0_20\jre\bin\server\jvm.dll
0x000007fef79d0000 - 0x000007fef79d9000 	C:\Windows\system32\WSOCK32.dll
0x000007fefe520000 - 0x000007fefe56d000 	C:\Windows\system32\WS2_32.dll
0x000007fefdf30000 - 0x000007fefdf38000 	C:\Windows\system32\NSI.dll
0x000007fef98e0000 - 0x000007fef991b000 	C:\Windows\system32\WINMM.dll
0x00000000779c0000 - 0x00000000779c7000 	C:\Windows\system32\PSAPI.DLL
0x0000000069d40000 - 0x0000000069d4f000 	C:\Program Files\Java\jdk1.8.0_20\jre\bin\verify.dll
0x0000000069cf0000 - 0x0000000069d18000 	C:\Program Files\Java\jdk1.8.0_20\jre\bin\java.dll
0x0000000069420000 - 0x0000000069436000 	C:\Program Files\Java\jdk1.8.0_20\jre\bin\zip.dll
0x000007fefe670000 - 0x000007feff3f8000 	C:\Windows\system32\SHELL32.dll
0x000007fefdf40000 - 0x000007fefe143000 	C:\Windows\system32\ole32.dll
0x000007fefd750000 - 0x000007fefd75f000 	C:\Windows\system32\profapi.dll
0x000007fefcfe0000 - 0x000007fefcff7000 	C:\Windows\system32\CRYPTSP.dll
0x000007fefcce0000 - 0x000007fefcd27000 	C:\Windows\system32\rsaenh.dll
0x000007fefcaa0000 - 0x000007fefcabe000 	C:\Windows\system32\USERENV.dll
0x000007fefd680000 - 0x000007fefd68f000 	C:\Windows\system32\CRYPTBASE.dll
0x0000000069440000 - 0x000000006945a000 	C:\Program Files\Java\jdk1.8.0_20\jre\bin\net.dll
0x000007fefcf80000 - 0x000007fefcfd5000 	C:\Windows\system32\mswsock.dll
0x000007fefcf70000 - 0x000007fefcf77000 	C:\Windows\System32\wship6.dll
0x000007fefbb70000 - 0x000007fefbb97000 	C:\Windows\system32\IPHLPAPI.DLL
0x000007fefbb60000 - 0x000007fefbb6b000 	C:\Windows\system32\WINNSI.DLL
0x000007fefb970000 - 0x000007fefb981000 	C:\Windows\system32\dhcpcsvc6.DLL
0x000007fefb950000 - 0x000007fefb968000 	C:\Windows\system32\dhcpcsvc.DLL
0x0000000069400000 - 0x0000000069411000 	C:\Program Files\Java\jdk1.8.0_20\jre\bin\nio.dll
0x000007fef7170000 - 0x000007fef7182000 	C:\Users\asd\AppData\Local\Temp\native-platform2695444157121540225dir\native-platform.dll
0x000007fefd620000 - 0x000007fefd677000 	C:\Windows\system32\apphelp.dll

VM Arguments:
jvm_args: -XX:MaxPermSize=256m -XX:+HeapDumpOnOutOfMemoryError -Xmx1024m -Dfile.encoding=windows-1252 -Duser.country=US -Duser.language=en -Duser.variant 
java_command: org.gradle.launcher.daemon.bootstrap.GradleDaemon 2.2.1 C:\Users\asd\.gradle\daemon 10800000 2c6b9843-cccc-4d12-b20e-9a7b016d6762 -XX:MaxPermSize=256m -XX:+HeapDumpOnOutOfMemoryError -Xmx1024m -Dfile.encoding=windows-1252 -Duser.country=US -Duser.language=en -Duser.variant
java_class_path (initial): C:\Users\asd\.gradle\wrapper\dists\gradle-2.2.1-all\c64ydeuardnfqctvr1gm30w53\gradle-2.2.1\lib\gradle-launcher-2.2.1.jar
Launcher Type: SUN_STANDARD

Environment Variables:
PATH=C:\ProgramData\Oracle\Java\javapath;C:\Program Files (x86)\Intel\iCLS Client\;C:\Program Files\Intel\iCLS Client\;C:\Windows\system32;C:\Windows;C:\Windows\System32\Wbem;C:\Windows\System32\WindowsPowerShell\v1.0\;C:\Program Files\Intel\Intel(R) Management Engine Components\DAL;C:\Program Files\Intel\Intel(R) Management Engine Components\IPT;C:\Program Files (x86)\Intel\Intel(R) Management Engine Components\DAL;C:\Program Files (x86)\Intel\Intel(R) Management Engine Components\IPT;C:\Program Files\Microsoft\Web Platform Installer\;C:\Program Files (x86)\Microsoft ASP.NET\ASP.NET Web Pages\v1.0\;C:\Program Files (x86)\Windows Kits\8.0\Windows Performance Toolkit\;C:\Program Files\Microsoft SQL Server\110\Tools\Binn\
USERNAME=asd
OS=Windows_NT
PROCESSOR_IDENTIFIER=Intel64 Family 6 Model 58 Stepping 9, GenuineIntel



---------------  S Y S T E M  ---------------

OS: Windows 7 , 64 bit Build 7601 Service Pack 1

CPU:total 4 (2 cores per cpu, 2 threads per core) family 6 model 58 stepping 9, cmov, cx8, fxsr, mmx, sse, sse2, sse3, ssse3, sse4.1, sse4.2, popcnt, avx, clmul, erms, ht, tsc, tscinvbit, tscinv

Memory: 4k page, physical 4087164k(101916k free), swap 16346812k(0k free)

vm_info: Java HotSpot(TM) 64-Bit Server VM (25.20-b23) for windows-amd64 JRE (1.8.0_20-b26), built on Jul 30 2014 13:51:23 by "java_re" with MS VC++ 10.0 (VS2010)

time: Thu Aug 06 11:27:58 2015
elapsed time: 7575 seconds (0d 2h 6m 15s)

